<?xml version="1.0" encoding="UTF-8"?>
<robot generator="Robot 5.0.1 (Python 3.9.13 on win32)" generated="20221009 21:03:52.501" rpa="false" schemaversion="3">
<suite id="s1" name="Test1" source="c:\Users\Adna-LAP\Desktop\VI-CODE.2\Tests\Test1.robot">
<test id="s1-t1" name="Login verification to OrangeHRM" line="14">
<kw name="Opening Browser" library="CommonFun">
<arg>${site_url}</arg>
<arg>${browser}</arg>
<kw name="Open Browser" library="SeleniumLibrary">
<arg>${site_url}</arg>
<arg>${browser}</arg>
<doc>Opens a new browser instance to the optional ``url``.</doc>
<msg timestamp="20221009 21:03:53.378" level="INFO">Opening browser 'Firefox' to base url 'https://opensource-demo.orangehrmlive.com/web/index.php/auth/login'.</msg>
<msg timestamp="20221009 21:03:53.383" level="INFO">Firefox driver log is always forced to to: C:\Users\Adna-LAP\Desktop\VI-CODE.2\geckodriver-15.log</msg>
<status status="PASS" starttime="20221009 21:03:53.377" endtime="20221009 21:04:01.980"/>
</kw>
<kw name="Wait Until Element Is Visible" library="SeleniumLibrary">
<arg>${LoginUsernameInputBox}</arg>
<arg>timeout=5000</arg>
<doc>Waits until the element ``locator`` is visible.</doc>
<msg timestamp="20221009 21:04:01.983" level="FAIL">Variable '${LoginUsernameInputBox}' not found.</msg>
<status status="FAIL" starttime="20221009 21:04:01.981" endtime="20221009 21:04:01.984"/>
</kw>
<status status="FAIL" starttime="20221009 21:03:53.376" endtime="20221009 21:04:01.986"/>
</kw>
<kw name="Input TUsername" library="LoginPage">
<status status="NOT RUN" starttime="20221009 21:04:01.987" endtime="20221009 21:04:01.988"/>
</kw>
<kw name="Input TPassword" library="LoginPage">
<status status="NOT RUN" starttime="20221009 21:04:01.989" endtime="20221009 21:04:01.989"/>
</kw>
<kw name="Click Login" library="LoginPage">
<status status="NOT RUN" starttime="20221009 21:04:01.990" endtime="20221009 21:04:01.990"/>
</kw>
<kw name="Verify Welcome Text is Visible" library="HomePage">
<status status="NOT RUN" starttime="20221009 21:04:01.991" endtime="20221009 21:04:01.991"/>
</kw>
<kw name="Logout" library="HomePage">
<status status="NOT RUN" starttime="20221009 21:04:01.992" endtime="20221009 21:04:01.992"/>
</kw>
<doc>Verification that the user is able to Login and Logout to OrangeHRM</doc>
<tag>Smoke</tag>
<status status="FAIL" starttime="20221009 21:03:53.373" endtime="20221009 21:04:01.993">Variable '${LoginUsernameInputBox}' not found.</status>
</test>
<doc>Page Object in Robot Framework</doc>
<status status="FAIL" starttime="20221009 21:03:52.519" endtime="20221009 21:04:01.997"/>
</suite>
<statistics>
<total>
<stat pass="0" fail="1" skip="0">All Tests</stat>
</total>
<tag>
<stat pass="0" fail="1" skip="0">Smoke</stat>
</tag>
<suite>
<stat pass="0" fail="1" skip="0" id="s1" name="Test1">Test1</stat>
</suite>
</statistics>
<errors>
<msg timestamp="20221009 21:03:53.331" level="ERROR">Error in file 'c:\Users\Adna-LAP\Desktop\VI-CODE.2\Tests\Test1.robot' on line 4: Processing variable file 'c:\Users\Adna-LAP\Desktop\VI-CODE.2\Resources\PageObject\Locators\Locators.py' failed: Importing variable file 'c:\Users\Adna-LAP\Desktop\VI-CODE.2\Resources\PageObject\Locators\Locators.py' failed: ModuleNotFoundError: No module named 'Locators'
Traceback (most recent call last):
  None
PYTHONPATH:
  c:\Users\Adna-LAP\Desktop\VI-CODE.2\Resources\PageObject\Locators
  c:\Users\Adna-LAP\Desktop\VI-CODE.2
  c:\Users\Adna-LAP\.vscode\extensions\robocorp.robotframework-lsp-1.3.0\src\robotframework_debug_adapter
  c:\Users\Adna-LAP\Desktop\VI-CODE.2
  c:\Users\Adna-LAP\.vscode\extensions\robocorp.robotframework-lsp-1.3.0\src
  c:\Users\Adna-LAP\.vscode\extensions\robocorp.robotframework-lsp-1.3.0\src\robotframework_ls\vendored
  c:\ProgramData\robocorp\ht\899b8ce_b1f3c24_1c0bc041\python39.zip
  c:\ProgramData\robocorp\ht\899b8ce_b1f3c24_1c0bc041\DLLs
  c:\ProgramData\robocorp\ht\899b8ce_b1f3c24_1c0bc041\lib
  c:\ProgramData\robocorp\ht\899b8ce_b1f3c24_1c0bc041
  c:\ProgramData\robocorp\ht
  c:\ProgramData\robocorp\ht\899b8ce_b1f3c24_1c0bc041\lib\site-packages
  c:\ProgramData\robocorp\ht\899b8ce_b1f3c24_1c0bc041\lib\site-packages\win32
  c:\ProgramData\robocorp\ht\899b8ce_b1f3c24_1c0bc041\lib\site-packages\win32\lib
  c:\ProgramData\robocorp\ht\899b8ce_b1f3c24_1c0bc041\lib\site-packages\Pythonwin</msg>
<msg timestamp="20221009 21:03:53.351" level="ERROR">Error in file 'c:\Users\Adna-LAP\Desktop\VI-CODE.2\Resources\PageObject\KeywordDefinitionFiles\LoginPage.robot' on line 4: Processing variable file 'c:\Users\Adna-LAP\Desktop\VI-CODE.2\Resources\PageObject\TestData\Testdata.py' failed: Importing variable file 'c:\Users\Adna-LAP\Desktop\VI-CODE.2\Resources\PageObject\TestData\Testdata.py' failed: ModuleNotFoundError: No module named 'Testdata'
Traceback (most recent call last):
  None
PYTHONPATH:
  c:\Users\Adna-LAP\Desktop\VI-CODE.2\Resources\PageObject\TestData
  c:\Users\Adna-LAP\Desktop\VI-CODE.2
  c:\Users\Adna-LAP\.vscode\extensions\robocorp.robotframework-lsp-1.3.0\src\robotframework_debug_adapter
  c:\Users\Adna-LAP\Desktop\VI-CODE.2
  c:\Users\Adna-LAP\.vscode\extensions\robocorp.robotframework-lsp-1.3.0\src
  c:\Users\Adna-LAP\.vscode\extensions\robocorp.robotframework-lsp-1.3.0\src\robotframework_ls\vendored
  c:\ProgramData\robocorp\ht\899b8ce_b1f3c24_1c0bc041\python39.zip
  c:\ProgramData\robocorp\ht\899b8ce_b1f3c24_1c0bc041\DLLs
  c:\ProgramData\robocorp\ht\899b8ce_b1f3c24_1c0bc041\lib
  c:\ProgramData\robocorp\ht\899b8ce_b1f3c24_1c0bc041
  c:\ProgramData\robocorp\ht
  c:\ProgramData\robocorp\ht\899b8ce_b1f3c24_1c0bc041\lib\site-packages
  c:\ProgramData\robocorp\ht\899b8ce_b1f3c24_1c0bc041\lib\site-packages\win32
  c:\ProgramData\robocorp\ht\899b8ce_b1f3c24_1c0bc041\lib\site-packages\win32\lib
  c:\ProgramData\robocorp\ht\899b8ce_b1f3c24_1c0bc041\lib\site-packages\Pythonwin</msg>
</errors>
</robot>
